Skipping 78 already-generated sections from previous run
Will generate 24 high-impact sections (est. $18.00)
[1/24] vitamin-b12-guide / Pernicious Anemia: When Supplementing Alone Isn't  ... OK (293 words, $0.1470, 21.2s)
[2/24] vitamin-b12-guide / How Long Until B12 Supplements Actually Work (Time ... OK (293 words, $0.1399, 21.0s)
[3/24] vitamin-b12-guide / B12 During Pregnancy and Breastfeeding ... OK (292 words, $0.1381, 20.0s)
[4/24] vitamin-b12-guide / MMA Testing Caveat: Why Kidney Function Matters ... OK (297 words, $0.1302, 17.2s)
[5/24] berberine-guide / Berberine for PCOS: A Separate Evidence Base ... OK (298 words, $0.1288, 20.6s)
[6/24] berberine-guide / Specific Drug Interactions: What to Check Before Y ... OK (297 words, $0.1527, 23.9s)
[7/24] berberine-guide / How Long to Take Berberine: Cycling vs. Continuous ... OK (293 words, $0.1258, 20.0s)
[8/24] berberine-guide / Berberine and Exercise: The AMPK Conflict Athletes ... OK (298 words, $0.1215, 18.1s)
[9/24] electrolytes-guide / Drug Interactions: When Electrolyte Supplementatio ... OK (350 words, $0.1308, 18.3s)
[10/24] electrolytes-guide / High-Potassium Foods: The Food-First Approach Befo ... OK (298 words, $0.1309, 19.5s)
[11/24] electrolytes-guide / Electrolytes for Older Adults (65+) ... OK (390 words, $0.1337, 22.0s)
[12/24] electrolytes-guide / The PURE Study Controversy: What Critics Say ... OK (262 words, $0.1120, 14.7s)
[13/24] taurine-guide / How Much Taurine Is in Food? (And Do You Actually  ... OK (293 words, $0.1446, 20.1s)
[14/24] taurine-guide / Taurine and Medications: What to Know Before You S ... OK (293 words, $0.1256, 16.9s)
[15/24] taurine-guide / What the Singh et al. Study Actually Proves (And W ... OK (298 words, $0.1240, 18.4s)
[16/24] taurine-guide / Taurine for Pregnant and Breastfeeding Women ... OK (256 words, $0.1088, 16.0s)
[17/24] iron-guide / How to Get Ferritin Tested (Without Fighting Your  ... OK (292 words, $0.1333, 19.9s)
[18/24] iron-guide / Elemental Iron Quick-Reference Table ... OK (291 words, $0.1575, 20.5s)
[19/24] iron-guide / Iron for People With GI Conditions or On Acid-Supp ... OK (448 words, $0.1449, 20.4s)
[20/24] iron-guide / The UL Contradiction Explained: Why Therapeutic Do ... OK (298 words, $0.1273, 18.2s)
[21/24] iron-guide / Iron Supplements During Pregnancy: What's Safe to  ... OK (418 words, $0.1396, 21.9s)
[22/24] nootropics-guide / Drug Interactions and Medical Contraindications ... OK (298 words, $0.1296, 17.1s)
[23/24] nootropics-guide / How to Verify Supplement Quality (Third-Party Test ... OK (293 words, $0.1463, 25.1s)
[24/24] nootropics-guide / Caffeine Genetics: Why the Same Dose Affects Peopl ... OK (293 words, $0.1329, 21.1s)

DONE: 24 sections, $3.206
