Skipping 58 already-generated sections from previous run
Will generate 20 high-impact sections (est. $15.00)
[1/20] zinc-guide / Zinc During Pregnancy and Breastfeeding ... OK (362 words, $0.1221, 19.1s)
[2/20] zinc-guide / Lozenge Formulation Matters: What to Look for on t ... OK (291 words, $0.1272, 18.6s)
[3/20] lions-mane-guide / Limitations of the Evidence: What the Research Can ... OK (386 words, $0.1170, 18.2s)
[4/20] lions-mane-guide / How to Read a Lion's Mane COA (Certificate of Anal ... OK (298 words, $0.1334, 23.5s)
[5/20] lions-mane-guide / Drug Interactions and Medical Considerations ... OK (390 words, $0.1201, 17.6s)
[6/20] lions-mane-guide / Does Lion's Mane Work for Healthy Adults? (Extrapo ... OK (298 words, $0.1128, 17.6s)
[7/20] lions-mane-guide / Top Lion's Mane Supplements That Meet These Standa ... OK (418 words, $0.1190, 20.7s)
[8/20] nac-guide / NAC vs. GlyNAC: Should You Take Both? ... OK (293 words, $0.1238, 21.1s)
[9/20] nac-guide / Drug Interactions and Contraindications ... OK (293 words, $0.1305, 21.4s)
[10/20] nac-guide / NAC for PCOS and Fertility: What the Research Show ... OK (297 words, $0.1118, 15.4s)
[11/20] nac-guide / How Long Until NAC Works? Setting Realistic Expect ... OK (298 words, $0.1110, 17.0s)
[12/20] ashwagandha-guide / Ashwagandha and Liver Safety: What the Recent Case ... OK (370 words, $0.1144, 17.5s)
[13/20] ashwagandha-guide / Ashwagandha for Women: Hormones, Cycle Effects, an ... OK (298 words, $0.1278, 21.9s)
[14/20] ashwagandha-guide / How to Verify Quality: Third-Party Testing and Wha ... OK (298 words, $0.1153, 20.4s)
[15/20] ashwagandha-guide / Drug Interactions: A Practical Reference Table ... OK (293 words, $0.1360, 19.7s)
[16/20] collagen-guide / Industry Funding and Study Quality: How to Read th ... OK (388 words, $0.1210, 21.2s)
[17/20] collagen-guide / Collagen for Specific Populations: Pregnancy, Olde ... OK (293 words, $0.1308, 20.1s)
[18/20] collagen-guide / How to Evaluate Collagen Product Quality (Label Re ... OK (297 words, $0.1332, 23.9s)
[19/20] collagen-guide / Collagen and Exercise Timing: The Pre-Workout Wind ... OK (352 words, $0.1171, 19.1s)
[20/20] collagen-guide / Drug Interactions and Contraindications ... OK (282 words, $0.1099, 14.8s)

DONE: 20 sections, $2.434
