Skipping 19 already-generated sections from previous run
Will generate 20 high-impact sections (est. $15.00)
[1/20] best-omega-3-supplements / Budget-Friendly Options: Getting Quality Omega-3 W ... OK (295 words, $0.1352, 17.9s)
[2/20] best-pre-workout-supplement-protocol / The Protocol: Full Stack at a Glance (Timing Table ... OK (276 words, $0.1496, 19.4s)
[3/20] best-pre-workout-supplement-protocol / Who Should NOT Use This Stack (Contraindications) ... OK (297 words, $0.1251, 19.1s)
[4/20] best-pre-workout-supplement-protocol / If You Can Only Start With One Ingredient ... OK (283 words, $0.1000, 14.5s)
[5/20] how-to-build-a-supplement-stack / Drug–Supplement Interactions: What to Check Before ... OK (592 words, $0.1510, 26.5s)
[6/20] how-to-build-a-supplement-stack / Complete the 'Ignoring Interactions and Redundancy ... OK (553 words, $0.1361, 23.7s)
[7/20] how-to-build-a-supplement-stack / Evidence Tier Labels: How to Read Supplement Claim ... OK (287 words, $0.1224, 18.8s)
[8/20] how-to-build-a-supplement-stack / Special Populations: Pregnancy, Vegans, Older Adul ... ERR parse
[9/20] supplement-timing-guide / Supplement Timing for Intermittent Fasting (IF) Pr ... OK (289 words, $0.1216, 22.4s)
[10/20] supplement-timing-guide / The 'Recommended Forms' Reference Table ... OK (298 words, $0.1600, 26.9s)
[11/20] supplement-timing-guide / Supplement Timing When You're On Medications: The  ... OK (813 words, $0.1712, 34.0s)
[12/20] supplement-timing-guide / Individual Variation: Why Your Timing May Differ ( ... OK (432 words, $0.1164, 22.1s)
[13/20] how-to-read-a-supplement-label / Drug-Supplement Interactions: The Step Nobody Ment ... OK (295 words, $0.1303, 17.5s)
[14/20] how-to-read-a-supplement-label / How to Find a Product's Certificate of Analysis (C ... OK (295 words, $0.1463, 24.0s)
[15/20] how-to-read-a-supplement-label / Calculating Elemental Mineral Content from a Label ... OK (388 words, $0.1376, 21.2s)
[16/20] how-to-read-a-supplement-label / Special Considerations: Pregnancy, Medications, an ... OK (298 words, $0.1324, 18.7s)
[17/20] signs-you-are-magnesium-deficient / Magnesium and Blood Pressure: The Overlooked Benef ... OK (298 words, $0.1311, 20.1s)
[18/20] signs-you-are-magnesium-deficient / Magnesium for PMS and Menstrual Cramps ... OK (291 words, $0.1332, 20.1s)
[19/20] signs-you-are-magnesium-deficient / Important Warnings: Who Should NOT Supplement With ... OK (293 words, $0.1341, 20.1s)
[20/20] signs-you-are-magnesium-deficient / How to Get an RBC Magnesium Test (With or Without  ... OK (287 words, $0.1317, 20.8s)

DONE: 19 sections, $2.565
