Skipping 132 already-generated sections from previous run
Will generate 30 high-impact sections (est. $22.50)
[1/30] ashwagandha-for-testosterone / How to Test Your Testosterone Before and After (Th ... OK (289 words, $0.1262, 21.3s)
[2/30] ashwagandha-for-testosterone / Long-Term Use and Cycling: What to Do After 8–12 W ... OK (293 words, $0.1239, 20.5s)
[3/30] ashwagandha-for-testosterone / Ashwagandha and Liver Health: Understanding the He ... OK (293 words, $0.1262, 20.8s)
[4/30] ashwagandha-for-testosterone / Ashwagandha for Women: A Different Hormonal Pictur ... OK (293 words, $0.1136, 17.5s)
[5/30] ashwagandha-for-testosterone / Drug and Supplement Interactions Checklist ... OK (293 words, $0.1658, 24.1s)
[6/30] berberine-vs-metformin / Berberine for PCOS: A Separate Evidence Base ... OK (418 words, $0.1232, 19.2s)
[7/30] berberine-vs-metformin / Dihydroberberine vs. Standard Berberine HCl: What  ... OK (298 words, $0.1114, 16.1s)
[8/30] berberine-vs-metformin / How Berberine Fits in the Modern Metabolic Drug La ... OK (283 words, $0.1100, 15.1s)
[9/30] berberine-vs-metformin / Drug Interaction Table: Berberine + Common Medicat ... OK (293 words, $0.1399, 19.4s)
[10/30] best-collagen-for-joints / What UC-II Won't Do: Structural vs. Symptomatic Ev ... OK (292 words, $0.1219, 19.0s)
[11/30] best-collagen-for-joints / If You're Vegan or Vegetarian: What to Do Instead ... OK (292 words, $0.1387, 22.0s)
[12/30] best-collagen-for-joints / Does Collagen Help Hip, Shoulder, or Ankle Joints  ... OK (284 words, $0.1180, 17.7s)
[13/30] best-collagen-for-joints / UC-II and Medications: What the Drug Interaction P ... OK (472 words, $0.1373, 21.8s)
[14/30] best-multivitamin-over-50 / Budget-Friendly Options: What to Do If You Can't A ... OK (298 words, $0.1575, 27.7s)
[15/30] best-multivitamin-over-50 / Drug Interactions to Know: Metformin, Statins, Blo ... OK (498 words, $0.1499, 23.9s)
[16/30] best-multivitamin-over-50 / Timing and Stacking: A Daily Schedule That Actuall ... OK (292 words, $0.1318, 19.2s)
[17/30] best-multivitamin-over-50 / How to Read a Supplement Facts Panel: A 60-Second  ... OK (292 words, $0.1372, 22.5s)
[18/30] best-multivitamin-over-50 / The Calcium Debate: What We Actually Know (And Don ... OK (481 words, $0.1426, 22.0s)
[19/30] creatine-for-endurance-athletes / Creatine for Endurance Athletes: What the Evidence ... OK (290 words, $0.1271, 21.6s)
[20/30] creatine-for-endurance-athletes / GI Tolerance: How to Avoid Stomach Issues With Cre ... OK (298 words, $0.1179, 19.0s)
[21/30] creatine-for-endurance-athletes / Creatine for Vegan and Vegetarian Endurance Athlet ... OK (296 words, $0.1053, 15.4s)
[22/30] creatine-for-endurance-athletes / Phase-Specific Protocol: When to Start, Pause, or  ... OK (298 words, $0.1225, 20.1s)
[23/30] magnesium-for-anxiety / How Much Glycine Are You Actually Getting Per Dose ... OK (297 words, $0.1246, 19.5s)
[24/30] magnesium-for-anxiety / Magnesium Glycinate vs. Magnesium Taurate for Anxi ... OK (298 words, $0.1337, 21.6s)
[25/30] magnesium-for-anxiety / Protocol Reconciliation: Dosing Within the Tolerab ... OK (293 words, $0.1240, 18.6s)
[26/30] magnesium-for-anxiety / Magnesium for Anxiety in Pregnancy: What the Evide ... ERR parse
[27/30] nac-and-alcohol / How Many Drinks Does One Dose Cover? Scaling the P ... OK (293 words, $0.1057, 18.7s)
[28/30] nac-and-alcohol / Medication Interactions: The Full List (Including  ... OK (582 words, $0.1377, 26.3s)
[29/30] nac-and-alcohol / I Already Took NAC After Drinking — What Now? ... OK (262 words, $0.0868, 17.5s)
[30/30] nac-and-alcohol / Buying NAC: What to Look for (Form, Dose, Third-Pa ... OK (293 words, $0.1113, 20.1s)

DONE: 29 sections, $3.671
