Skipping 102 already-generated sections from previous run
Will generate 30 high-impact sections (est. $22.50)
[1/30] best-creatine-supplements / Does Caffeine Interfere With Creatine? What the Ev ... OK (293 words, $0.1388, 19.9s)
[2/30] best-creatine-supplements / Creatine for Endurance Athletes: Worth It or Dead  ... OK (298 words, $0.1497, 22.7s)
[3/30] best-creatine-supplements / Creatine and Caffeine: Can I Stack Them? ... OK (298 words, $0.1360, 18.5s)
[4/30] best-creatine-supplements / How to Tell If Creatine Is Working: A 6-Week Self- ... OK (289 words, $0.1434, 21.8s)
[5/30] best-magnesium-supplements / Magnesium Form Comparison Table (Bioavailability,  ... OK (297 words, $0.1639, 22.9s)
[6/30] best-magnesium-supplements / Magnesium Malate — Best for Fatigue and Fibromyalg ... OK (289 words, $0.1274, 16.9s)
[7/30] best-magnesium-supplements / Elemental Magnesium by Form: Quick Reference ... OK (280 words, $0.1300, 16.0s)
[8/30] best-magnesium-supplements / Magnesium for Migraines: What the Evidence Shows ... OK (298 words, $0.1317, 18.4s)
[9/30] best-magnesium-supplements / Internal FAQ Audit Note: Reconcile pregnancy and c ... OK (265 words, $0.1238, 16.1s)
[10/30] best-omega-3-supplements / Comparison Table: All 8 Evaluated Products Side-by ... OK (298 words, $0.2209, 28.9s)
[11/30] best-omega-3-supplements / ALA vs. EPA/DHA: Why Flaxseed Oil Doesn't Count as ... OK (298 words, $0.1413, 18.4s)
[12/30] best-omega-3-supplements / Omega-3 for Kids: Dosing, Forms, and What to Buy ... OK (297 words, $0.1605, 26.6s)
[13/30] best-vitamin-d-supplements / Best Budget Vitamin D Supplement: Third-Party Test ... OK (293 words, $0.1377, 19.6s)
[14/30] best-vitamin-d-supplements / Best Standalone Vitamin K2 Supplements to Pair wit ... OK (382 words, $0.1425, 20.8s)
[15/30] best-vitamin-d-supplements / Vitamin D for Specific Goals: Depression, Immunity ... OK (298 words, $0.1505, 21.5s)
[16/30] best-vitamin-d-supplements / Vitamin D Hypercalcemia: Early Warning Signs You S ... OK (293 words, $0.1432, 19.3s)
[17/30] best-vitamin-d-supplements / Reconciling Conflicting Upper Limit Recommendation ... OK (432 words, $0.1479, 21.1s)
[18/30] best-vitamin-d-supplements / Correcting a D3 n-Count Error: D-HEALTH Trial Enro ... OK (262 words, $0.1279, 15.6s)
[19/30] best-sleep-supplement-protocol / Magnesium Threonate vs. Glycinate: Which Form Is A ... OK (293 words, $0.1487, 22.7s)
[20/30] best-sleep-supplement-protocol / Sleep Protocol for Perimenopausal and Postmenopaus ... OK (298 words, $0.1487, 22.9s)
[21/30] best-sleep-supplement-protocol / Could Your Sleep Problem Actually Be Sleep Apnea?  ... OK (293 words, $0.1383, 18.8s)
[22/30] best-pre-workout-supplement-protocol / Kidney Disease, Creatine, and Renal Contraindicati ... OK (371 words, $0.1410, 20.3s)
[23/30] best-pre-workout-supplement-protocol / Total Daily Caffeine Intake: Adding It All Up ... OK (290 words, $0.1422, 20.6s)
[24/30] best-pre-workout-supplement-protocol / Creatine and Water Retention: What to Expect in th ... OK (298 words, $0.1367, 20.9s)
[25/30] best-pre-workout-supplement-protocol / What to Buy: Quality Standards and Trusted Vendors ... OK (298 words, $0.1398, 19.0s)
[26/30] how-to-build-a-supplement-stack / How to Read a Supplement Label (Serving Size, Elem ... OK (398 words, $0.1466, 20.1s)
[27/30] how-to-build-a-supplement-stack / Creatine FAQ: Hair Loss, Water Retention, Women, T ... OK (462 words, $0.1557, 24.1s)
[28/30] how-to-build-a-supplement-stack / The REDUCE-IT Problem: What the Omega-3 Headlines  ... OK (253 words, $0.1273, 17.0s)
[29/30] supplement-timing-guide / Quick-Reference Table: With Food vs. Empty Stomach ... OK (287 words, $0.1822, 23.7s)
[30/30] supplement-timing-guide / Iron Supplementation: Every-Other-Day Dosing and G ... OK (468 words, $0.1445, 23.7s)

DONE: 30 sections, $4.369
