Skipping 38 already-generated sections from previous run
Will generate 20 high-impact sections (est. $15.00)
[1/20] how-to-build-a-supplement-stack / Special Populations: Pregnancy, Vegans, Older Adul ... OK (555 words, $0.1699, 28.6s)
[2/20] do-you-need-a-multivitamin / Drug-Nutrient Interactions: When Your Multivitamin ... OK (558 words, $0.1424, 25.5s)
[3/20] do-you-need-a-multivitamin / The Targeted Supplement Stack: A Practical Daily S ... OK (293 words, $0.1256, 18.7s)
[4/20] do-you-need-a-multivitamin / Recommended Multivitamins (If You Choose That Rout ... OK (293 words, $0.1319, 23.6s)
[5/20] do-you-need-a-multivitamin / Special Populations: Vegan/Vegetarian Nutrient Gap ... OK (593 words, $0.1503, 28.2s)
[6/20] what-to-look-for-in-a-probiotic / Probiotic Safety: Who Should Not Self-Supplement ... OK (291 words, $0.1416, 20.4s)
[7/20] what-to-look-for-in-a-probiotic / Vaginal Microbiome and Women's Health Probiotics ... OK (293 words, $0.1458, 20.0s)
[8/20] what-to-look-for-in-a-probiotic / How to Read a Probiotic Label in 60 Seconds (Annot ... OK (289 words, $0.1454, 21.5s)
[9/20] what-to-look-for-in-a-probiotic / Recommended Products by Condition (With Strain Ver ... OK (298 words, $0.1592, 23.8s)
[10/20] what-to-look-for-in-a-probiotic / Probiotics During Pregnancy and for Infants ... OK (489 words, $0.1557, 23.7s)
[11/20] beginner-longevity-supplement-stack / Drug Interactions and Medical Conditions: What to  ... OK (423 words, $0.1373, 20.9s)
[12/20] beginner-longevity-supplement-stack / Vegan and Vegetarian Substitutions for Every Tier ... OK (298 words, $0.1392, 24.3s)
[13/20] beginner-longevity-supplement-stack / How to Read a Supplement Label: Elemental Dose vs. ... OK (289 words, $0.1126, 16.1s)
[14/20] beginner-longevity-supplement-stack / Budget Tier: If You Can Only Spend $20/Month ... OK (297 words, $0.1241, 18.8s)
[15/20] creatine-loading-phase / Creatine Forms Explained: Why Monohydrate Wins ... OK (297 words, $0.1172, 17.6s)
[16/20] creatine-loading-phase / Creatine for Women: What's Different ... OK (456 words, $0.1221, 20.7s)
[17/20] creatine-loading-phase / Creatine and Kidney Health: Who Needs to Be Carefu ... OK (420 words, $0.1177, 19.7s)
[18/20] creatine-loading-phase / What to Do If You're Having GI Issues on Creatine ... OK (296 words, $0.1075, 15.7s)
[19/20] zinc-guide / Zinc and Antibiotic Interactions: Space Them or Lo ... OK (298 words, $0.1252, 18.4s)
[20/20] zinc-guide / Resolving the Dosing Contradiction: Cold Protocol  ... OK (298 words, $0.1221, 18.5s)

DONE: 20 sections, $2.693
