[best-creatine-supplements] (2 blocking, 7 gaps) ... OK (16.2s, $0.1231)
[best-magnesium-supplements] (3 blocking, 7 gaps) ... OK (15.0s, $0.1201)
[best-omega-3-supplements] (3 blocking, 7 gaps) ... OK (14.4s, $0.1150)
[best-vitamin-d-supplements] (4 blocking, 8 gaps) ... OK (21.5s, $0.1445)
[best-sleep-supplement-protocol] (5 blocking, 7 gaps) ... OK (16.4s, $0.1253)
[best-pre-workout-supplement-protocol] (3 blocking, 7 gaps) ... OK (14.6s, $0.1188)
[how-to-build-a-supplement-stack] (3 blocking, 7 gaps) ... OK (19.1s, $0.1332)
[supplement-timing-guide] (3 blocking, 7 gaps) ... OK (20.0s, $0.1284)
[how-to-read-a-supplement-label] (2 blocking, 6 gaps) ... OK (16.6s, $0.1396)
[signs-you-are-magnesium-deficient] (3 blocking, 7 gaps) ... OK (16.6s, $0.1330)
[do-you-need-a-multivitamin] (2 blocking, 7 gaps) ... OK (20.7s, $0.1373)
[what-to-look-for-in-a-probiotic] (4 blocking, 7 gaps) ... OK (16.1s, $0.1540)
[beginner-longevity-supplement-stack] (3 blocking, 6 gaps) ... OK (18.9s, $0.1383)
[creatine-loading-phase] (1 blocking, 7 gaps) ... OK (15.4s, $0.1190)
[zinc-guide] (2 blocking, 7 gaps) ... OK (25.3s, $0.1519)
[lions-mane-guide] (4 blocking, 7 gaps) ... OK (17.2s, $0.1271)
[nac-guide] (4 blocking, 7 gaps) ... OK (16.2s, $0.1287)
[ashwagandha-guide] (4 blocking, 7 gaps) ... OK (19.3s, $0.1451)
[collagen-guide] (4 blocking, 7 gaps) ... OK (17.1s, $0.1322)
[vitamin-b12-guide] (3 blocking, 7 gaps) ... OK (16.4s, $0.1481)
[berberine-guide] (3 blocking, 7 gaps) ... OK (18.9s, $0.1596)
[electrolytes-guide] (3 blocking, 7 gaps) ... OK (18.4s, $0.1529)
[taurine-guide] (3 blocking, 7 gaps) ... OK (17.3s, $0.1392)
[iron-guide] (1 blocking, 7 gaps) ... OK (27.1s, $0.1511)
[nootropics-guide] (1 blocking, 7 gaps) ... OK (20.5s, $0.1502)

DONE: 25 sections, $3.416
Output: safety_sections_output.json and safety_sections_output.md
