[best-creatine-supplements] ... OK (7.0s, $0.0338)
[best-magnesium-supplements] ... OK (7.0s, $0.0343)
[best-omega-3-supplements] ... OK (8.0s, $0.0378)
[best-vitamin-d-supplements] ... OK (8.0s, $0.0391)
[best-sleep-supplement-protocol] ... OK (7.3s, $0.0374)
[best-pre-workout-supplement-protocol] ... OK (7.6s, $0.0384)
[how-to-build-a-supplement-stack] ... OK (7.7s, $0.0384)
[supplement-timing-guide] ... OK (7.8s, $0.0432)
[how-to-read-a-supplement-label] ... OK (8.4s, $0.0415)
[signs-you-are-magnesium-deficient] ... OK (6.5s, $0.0397)
[do-you-need-a-multivitamin] ... OK (7.5s, $0.0401)
[what-to-look-for-in-a-probiotic] ... OK (8.7s, $0.0446)
[beginner-longevity-supplement-stack] ... OK (8.1s, $0.0518)
[creatine-loading-phase] ... OK (7.6s, $0.0378)
[zinc-guide] ... OK (9.4s, $0.0525)
[lions-mane-guide] ... OK (9.5s, $0.0420)
[nac-guide] ... OK (8.4s, $0.0460)
[ashwagandha-guide] ... OK (6.0s, $0.0389)
[collagen-guide] ... OK (7.4s, $0.0332)
[vitamin-b12-guide] ... OK (7.9s, $0.0518)
[berberine-guide] ... OK (9.6s, $0.0540)
[electrolytes-guide] ... OK (9.2s, $0.0596)
[taurine-guide] ... OK (9.8s, $0.0511)
[iron-guide] ... OK (8.4s, $0.0539)
[nootropics-guide] ... OK (8.0s, $0.0501)

DONE: 25 openings, $1.091
